<?xml version="1.0" encoding="UTF-8"?>
<!-- Generated by org.testng.reporters.JUnitReportReporter -->
<testsuite skipped="0" hostname="MSI-C011" name="com.orange.testcases.Usermanagementpagetest" tests="2" failures="0" timestamp="12 Mar 2020 11:40:27 GMT" time="2.279" errors="0">
  <testcase name="validatenavigatetousermanagement" time="1.372" classname="com.orange.testcases.Usermanagementpagetest"/>
  <testcase name="validateadduserfunctionality" time="0.907" classname="com.orange.testcases.Usermanagementpagetest"/>
</testsuite> <!-- com.orange.testcases.Usermanagementpagetest -->
