<?xml version="1.0" encoding="UTF-8"?>
<!-- Generated by org.testng.reporters.JUnitReportReporter -->
<testsuite hostname="Lakhani" failures="0" tests="2" name="com.orange.testcases.Logintest" time="13.825" errors="0" timestamp="06 Jan 2020 16:54:05 GMT" skipped="0">
  <testcase classname="com.orange.testcases.Logintest" name="loginpagetitletest" time="5.561"/>
  <testcase classname="com.orange.testcases.Logintest" name="loginfun" time="8.264"/>
</testsuite> <!-- com.orange.testcases.Logintest -->
