<?xml version="1.0" encoding="UTF-8"?>
<!-- Generated by org.testng.reporters.JUnitReportReporter -->
<testsuite skipped="0" hostname="MSI-C011" name="com.orange.testcases.dashboardpagetest" tests="3" failures="0" timestamp="31 Mar 2020 13:03:02 GMT" time="0.167" errors="0">
  <testcase name="Testlogoverification" time="0.039" classname="com.orange.testcases.dashboardpagetest"/>
  <testcase name="Testpagetitleverification" time="0.007" classname="com.orange.testcases.dashboardpagetest"/>
  <testcase name="Testmenuverificationtest" time="0.121" classname="com.orange.testcases.dashboardpagetest"/>
</testsuite> <!-- com.orange.testcases.dashboardpagetest -->
