<?xml version="1.0" encoding="UTF-8"?>
<!-- Generated by org.testng.reporters.JUnitReportReporter -->
<testsuite skipped="0" hostname="MSI-C011" name="com.orange.testcases.Usermanagementpagetest" tests="2" failures="0" timestamp="31 Mar 2020 13:03:02 GMT" time="3.958" errors="0">
  <testcase name="validatenavigatetousermanagement" time="3.084" classname="com.orange.testcases.Usermanagementpagetest"/>
  <testcase name="validateadduserfunctionality" time="0.874" classname="com.orange.testcases.Usermanagementpagetest"/>
</testsuite> <!-- com.orange.testcases.Usermanagementpagetest -->
