<?xml version="1.0" encoding="UTF-8"?>
<!-- Generated by org.testng.reporters.JUnitReportReporter -->
<testsuite skipped="0" hostname="MSI-C011" name="com.orange.testcases.dashboardpagetest" tests="3" failures="0" timestamp="12 Mar 2020 11:40:27 GMT" time="0.185" errors="0">
  <testcase name="Testlogoverification" time="0.040" classname="com.orange.testcases.dashboardpagetest"/>
  <testcase name="Testpagetitleverification" time="0.012" classname="com.orange.testcases.dashboardpagetest"/>
  <testcase name="Testmenuverificationtest" time="0.133" classname="com.orange.testcases.dashboardpagetest"/>
</testsuite> <!-- com.orange.testcases.dashboardpagetest -->
