<?xml version="1.0" encoding="UTF-8"?>
<!-- Generated by org.testng.reporters.JUnitReportReporter -->
<testsuite skipped="0" hostname="MSI-C011" name="com.orange.testcases.Logintest" tests="2" failures="0" timestamp="20 Mar 2020 04:46:41 GMT" time="1.500" errors="0">
  <testcase name="loginpagetitletest" time="0.026" classname="com.orange.testcases.Logintest"/>
  <testcase name="loginfun" time="1.474" classname="com.orange.testcases.Logintest"/>
</testsuite> <!-- com.orange.testcases.Logintest -->
