<?xml version="1.0" encoding="UTF-8"?>
<!-- Generated by org.testng.reporters.JUnitReportReporter -->
<testsuite skipped="0" hostname="MSI-C011" name="com.orange.testcases.Logintest" tests="2" failures="0" timestamp="31 Mar 2020 13:03:02 GMT" time="6.485" errors="0">
  <testcase name="loginpagetitletest" time="0.016" classname="com.orange.testcases.Logintest"/>
  <testcase name="loginfun" time="6.469" classname="com.orange.testcases.Logintest"/>
</testsuite> <!-- com.orange.testcases.Logintest -->
