<?xml version="1.0" encoding="UTF-8"?>
<!-- Generated by org.testng.reporters.JUnitReportReporter -->
<testsuite skipped="0" hostname="MSI-C011" name="com.orange.testcases.Logintest" tests="2" failures="0" timestamp="12 Mar 2020 11:40:27 GMT" time="1.958" errors="0">
  <testcase name="loginpagetitletest" time="0.011" classname="com.orange.testcases.Logintest"/>
  <testcase name="loginfun" time="1.947" classname="com.orange.testcases.Logintest"/>
</testsuite> <!-- com.orange.testcases.Logintest -->
